2026-03-17 10:16:02.100 [info] [main] Log level: Info
2026-03-17 10:16:02.100 [info] [main] Validating found git in: "git"
2026-03-17 10:16:02.100 [info] [main] Using git "2.39.5" from "git"
2026-03-17 10:16:02.100 [info] [Model][doInitialScan] Initial repository scan started
2026-03-17 10:16:02.100 [info] > git rev-parse --show-toplevel [88ms]
2026-03-17 10:16:02.100 [info] > git rev-parse --git-dir --git-common-dir --show-superproject-working-tree [164ms]
2026-03-17 10:16:02.739 [info] [Model][openRepository] Opened repository (path): /home/kwizeraashimihv/CCA-SITE
2026-03-17 10:16:02.739 [info] [Model][openRepository] Opened repository (real path): /home/kwizeraashimihv/CCA-SITE
2026-03-17 10:16:02.739 [info] [Model][openRepository] Opened repository (kind): repository
2026-03-17 10:16:02.762 [info] [Model][doInitialScan] Initial repository scan completed - repositories (1), closed repositories (0), parent repositories (0), unsafe repositories (0)
2026-03-17 10:16:02.799 [info] > git config --get commit.template [28ms]
2026-03-17 10:16:02.824 [info] > git for-each-ref --format=%(refname)%00%(upstream:short)%00%(objectname)%00%(upstream:track)%00%(upstream:remotename)%00%(upstream:remoteref) refs/heads/master refs/remotes/master [7ms]
2026-03-17 10:16:02.868 [info] > git status -z -uall [23ms]
2026-03-17 10:16:02.872 [info] > git for-each-ref --sort -committerdate --format %(refname)%00%(objectname)%00%(*objectname) [6ms]
2026-03-17 10:16:02.977 [info] > git for-each-ref --format=%(refname)%00%(upstream:short)%00%(objectname)%00%(upstream:track)%00%(upstream:remotename)%00%(upstream:remoteref) refs/heads/master refs/remotes/master [40ms]
2026-03-17 10:16:03.012 [info] > git config --get --local branch.master.vscode-merge-base [20ms]
2026-03-17 10:16:03.012 [warning] [Git][config] git config failed: Failed to execute git
2026-03-17 10:16:03.029 [info] > git config --get commit.template [62ms]
2026-03-17 10:16:03.053 [info] > git reflog master --grep-reflog=branch: Created from *. [25ms]
2026-03-17 10:16:03.070 [info] > git for-each-ref --format=%(refname)%00%(upstream:short)%00%(objectname)%00%(upstream:track)%00%(upstream:remotename)%00%(upstream:remoteref) refs/heads/master refs/remotes/master [35ms]
2026-03-17 10:16:03.077 [info] > git symbolic-ref --short refs/remotes/origin/HEAD [17ms]
2026-03-17 10:16:03.077 [info] fatal: ref refs/remotes/origin/HEAD is not a symbolic ref
2026-03-17 10:16:03.077 [warning] [Repository][getDefaultBranch] Failed to get default branch details: Failed to execute git.
2026-03-17 10:16:03.129 [info] > git merge-base refs/heads/master refs/remotes/origin/master [13ms]
2026-03-17 10:16:03.186 [info] > git status -z -uall [22ms]
2026-03-17 10:16:03.186 [info] > git diff --raw --numstat --diff-filter=ADMR -z --find-renames=50% e6776b57561c2d772f1d1c7008c486474bf10f7a...refs/remotes/origin/master -- [38ms]
2026-03-17 10:16:03.202 [info] > git for-each-ref --sort -committerdate --format %(refname)%00%(objectname)%00%(*objectname) [16ms]
2026-03-17 10:16:03.716 [info] > git check-ignore -v -z --stdin [32ms]
2026-03-17 10:16:03.764 [info] > git show --textconv :style.css [15ms]
2026-03-17 10:16:03.764 [info] > git ls-files --stage -- style.css [2ms]
2026-03-17 10:16:03.817 [info] > git cat-file -s d630c128efbfb757797d108c57541bad6df9abe4 [21ms]
2026-03-17 10:16:03.955 [info] > git check-ignore -v -z --stdin [21ms]
2026-03-17 10:16:04.269 [info] > git blame --root --incremental e6776b57561c2d772f1d1c7008c486474bf10f7a -- style.css [4ms]
2026-03-17 10:17:58.185 [info] > git check-ignore -v -z --stdin [14ms]
2026-03-17 10:17:59.627 [info] > git check-ignore -v -z --stdin [15ms]
2026-03-17 10:18:00.744 [info] > git check-ignore -v -z --stdin [6ms]
2026-03-17 10:18:03.609 [info] > git config --get commit.template [4ms]
2026-03-17 10:18:03.645 [info] > git for-each-ref --format=%(refname)%00%(upstream:short)%00%(objectname)%00%(upstream:track)%00%(upstream:remotename)%00%(upstream:remoteref) refs/heads/master refs/remotes/master [5ms]
2026-03-17 10:18:03.672 [info] > git status -z -uall [16ms]
2026-03-17 10:18:03.673 [info] > git for-each-ref --sort -committerdate --format %(refname)%00%(objectname)%00%(*objectname) [2ms]
2026-03-17 10:18:04.008 [info] > git check-ignore -v -z --stdin [2ms]
2026-03-17 10:18:28.143 [info] > git check-ignore -v -z --stdin [17ms]
2026-03-17 10:18:29.068 [info] > git show --textconv :script.js [145ms]
2026-03-17 10:18:29.070 [info] > git ls-files --stage -- script.js [108ms]
2026-03-17 10:18:29.145 [info] > git cat-file -s 75735fb4cf3a9f91de0bc7d4214e7cd0a3f4f5e5 [70ms]
2026-03-17 10:18:29.623 [info] > git blame --root --incremental e6776b57561c2d772f1d1c7008c486474bf10f7a -- script.js [48ms]
2026-03-17 10:18:33.185 [info] > git check-ignore -v -z --stdin [4ms]
2026-03-17 10:18:35.988 [info] > git check-ignore -v -z --stdin [6ms]
2026-03-17 10:18:50.210 [info] > git config --get commit.template [35ms]
2026-03-17 10:18:50.241 [info] > git for-each-ref --format=%(refname)%00%(upstream:short)%00%(objectname)%00%(upstream:track)%00%(upstream:remotename)%00%(upstream:remoteref) refs/heads/master refs/remotes/master [8ms]
2026-03-17 10:18:50.308 [info] > git status -z -uall [22ms]
2026-03-17 10:18:50.312 [info] > git for-each-ref --sort -committerdate --format %(refname)%00%(objectname)%00%(*objectname) [7ms]
2026-03-17 10:18:50.674 [info] > git check-ignore -v -z --stdin [6ms]
2026-03-17 10:19:05.001 [info] > git check-ignore -v -z --stdin [3ms]
2026-03-17 10:19:05.199 [info] > git check-ignore -v -z --stdin [1ms]
2026-03-17 10:19:05.328 [info] > git show --textconv :home [40ms]
2026-03-17 10:19:05.328 [info] > git ls-files --stage -- home [1ms]
2026-03-17 10:19:05.400 [info] > git hash-object -t tree /dev/null [20ms]
2026-03-17 10:19:05.400 [warning] [GitFileSystemProvider][readFile] File not found - git:/home/kwizeraashimihv/CCA-SITE/home.git?%7B%22path%22%3A%22%2Fhome%2Fkwizeraashimihv%2FCCA-SITE%2Fhome%22%2C%22ref%22%3A%22%22%7D
2026-03-17 10:19:05.400 [info] > git hash-object -t tree /dev/null [52ms]
2026-03-17 10:19:05.400 [warning] [GitFileSystemProvider][stat] File not found - git:/home/kwizeraashimihv/CCA-SITE/home.git?%7B%22path%22%3A%22%2Fhome%2Fkwizeraashimihv%2FCCA-SITE%2Fhome%22%2C%22ref%22%3A%22%22%7D
2026-03-17 10:19:09.090 [info] > git config --get commit.template [20ms]
2026-03-17 10:19:09.107 [info] > git for-each-ref --format=%(refname)%00%(upstream:short)%00%(objectname)%00%(upstream:track)%00%(upstream:remotename)%00%(upstream:remoteref) refs/heads/master refs/remotes/master [18ms]
2026-03-17 10:19:09.170 [info] > git status -z -uall [38ms]
2026-03-17 10:19:09.174 [info] > git for-each-ref --sort -committerdate --format %(refname)%00%(objectname)%00%(*objectname) [27ms]
2026-03-17 10:19:15.227 [info] > git check-ignore -v -z --stdin [11ms]
2026-03-17 10:19:15.387 [info] > git show --textconv :script.js [67ms]
2026-03-17 10:19:15.387 [info] > git ls-files --stage -- script.js [1ms]
2026-03-17 10:19:15.440 [info] > git cat-file -s 75735fb4cf3a9f91de0bc7d4214e7cd0a3f4f5e5 [17ms]
2026-03-17 10:19:16.050 [info] > git config --get commit.template [32ms]
2026-03-17 10:19:16.057 [info] > git for-each-ref --format=%(refname)%00%(upstream:short)%00%(objectname)%00%(upstream:track)%00%(upstream:remotename)%00%(upstream:remoteref) refs/heads/master refs/remotes/master [9ms]
2026-03-17 10:19:16.085 [info] > git status -z -uall [9ms]
2026-03-17 10:19:16.090 [info] > git for-each-ref --sort -committerdate --format %(refname)%00%(objectname)%00%(*objectname) [6ms]
2026-03-17 10:19:16.443 [info] > git check-ignore -v -z --stdin [12ms]
2026-03-17 10:19:24.306 [info] > git check-ignore -v -z --stdin [5ms]
2026-03-17 10:19:24.334 [info] > git show --textconv :home.html [8ms]
2026-03-17 10:19:24.335 [warning] [GitFileSystemProvider][readFile] File not found - git:/home/kwizeraashimihv/CCA-SITE/home.html.git?%7B%22path%22%3A%22%2Fhome%2Fkwizeraashimihv%2FCCA-SITE%2Fhome.html%22%2C%22ref%22%3A%22%22%7D
2026-03-17 10:19:24.345 [info] > git ls-files --stage -- home.html [11ms]
2026-03-17 10:19:24.345 [warning] [GitFileSystemProvider][stat] File not found - git:/home/kwizeraashimihv/CCA-SITE/home.html.git?%7B%22path%22%3A%22%2Fhome%2Fkwizeraashimihv%2FCCA-SITE%2Fhome.html%22%2C%22ref%22%3A%22%22%7D
2026-03-17 10:19:24.349 [info] > git check-ignore -v -z --stdin [5ms]
2026-03-17 10:19:24.850 [info] > git config --get commit.template [12ms]
2026-03-17 10:19:24.869 [info] > git for-each-ref --format=%(refname)%00%(upstream:short)%00%(objectname)%00%(upstream:track)%00%(upstream:remotename)%00%(upstream:remoteref) refs/heads/master refs/remotes/master [1ms]
2026-03-17 10:19:24.924 [info] > git status -z -uall [33ms]
2026-03-17 10:19:24.941 [info] > git for-each-ref --sort -committerdate --format %(refname)%00%(objectname)%00%(*objectname) [23ms]
2026-03-17 11:30:44.426 [info] > git config --get commit.template [17ms]
2026-03-17 11:30:44.465 [info] > git for-each-ref --format=%(refname)%00%(upstream:short)%00%(objectname)%00%(upstream:track)%00%(upstream:remotename)%00%(upstream:remoteref) refs/heads/master refs/remotes/master [11ms]
2026-03-17 11:30:44.502 [info] > git status -z -uall [18ms]
2026-03-17 11:30:44.505 [info] > git for-each-ref --sort -committerdate --format %(refname)%00%(objectname)%00%(*objectname) [6ms]
2026-03-17 11:31:52.685 [info] > git check-ignore -v -z --stdin [25ms]
2026-03-17 11:31:52.827 [info] > git show --textconv :index.html [17ms]
2026-03-17 11:31:52.827 [info] > git ls-files --stage -- index.html [4ms]
2026-03-17 11:31:52.850 [info] > git cat-file -s 01943434678cca2e9f5e21a1c5f940c4f4c4a328 [5ms]
2026-03-17 11:31:53.101 [info] > git blame --root --incremental e6776b57561c2d772f1d1c7008c486474bf10f7a -- index.html [12ms]
2026-03-17 11:33:15.260 [info] > git check-ignore -v -z --stdin [3ms]
2026-03-17 11:33:15.297 [info] > git show --textconv :script.js [15ms]
2026-03-17 11:33:15.300 [info] > git ls-files --stage -- script.js [3ms]
2026-03-17 11:33:15.310 [info] > git cat-file -s 75735fb4cf3a9f91de0bc7d4214e7cd0a3f4f5e5 [2ms]
2026-03-17 11:33:25.664 [info] > git check-ignore -v -z --stdin [8ms]
2026-03-17 11:33:29.369 [info] > git check-ignore -v -z --stdin [3ms]
2026-03-17 11:33:35.091 [info] > git config --get commit.template [13ms]
2026-03-17 11:33:35.112 [info] > git for-each-ref --format=%(refname)%00%(upstream:short)%00%(objectname)%00%(upstream:track)%00%(upstream:remotename)%00%(upstream:remoteref) refs/heads/master refs/remotes/master [22ms]
2026-03-17 11:33:35.151 [info] > git status -z -uall [14ms]
2026-03-17 11:33:35.152 [info] > git for-each-ref --sort -committerdate --format %(refname)%00%(objectname)%00%(*objectname) [2ms]
2026-03-17 11:33:35.514 [info] > git check-ignore -v -z --stdin [5ms]
2026-03-17 11:34:02.416 [info] > git check-ignore -v -z --stdin [7ms]
2026-03-17 11:34:02.831 [info] > git check-ignore -v -z --stdin [3ms]
2026-03-17 11:34:03.947 [info] > git check-ignore -v -z --stdin [6ms]
2026-03-17 11:34:06.306 [info] > git config --get commit.template [16ms]
2026-03-17 11:34:06.343 [info] > git for-each-ref --format=%(refname)%00%(upstream:short)%00%(objectname)%00%(upstream:track)%00%(upstream:remotename)%00%(upstream:remoteref) refs/heads/master refs/remotes/master [1ms]
2026-03-17 11:34:06.396 [info] > git status -z -uall [15ms]
2026-03-17 11:34:06.398 [info] > git for-each-ref --sort -committerdate --format %(refname)%00%(objectname)%00%(*objectname) [4ms]
2026-03-17 11:34:06.739 [info] > git check-ignore -v -z --stdin [4ms]
2026-03-17 11:51:34.231 [info] > git config --get commit.template [48ms]
2026-03-17 11:51:34.232 [info] > git for-each-ref --format=%(refname)%00%(upstream:short)%00%(objectname)%00%(upstream:track)%00%(upstream:remotename)%00%(upstream:remoteref) refs/heads/master refs/remotes/master [12ms]
2026-03-17 11:51:34.290 [info] > git status -z -uall [20ms]
2026-03-17 11:51:34.290 [info] > git for-each-ref --sort -committerdate --format %(refname)%00%(objectname)%00%(*objectname) [3ms]
2026-03-17 11:51:35.035 [info] > git check-ignore -v -z --stdin [4ms]
2026-03-17 11:51:35.077 [info] > git show --textconv :script.js [19ms]
2026-03-17 11:51:35.077 [info] > git ls-files --stage -- script.js [2ms]
2026-03-17 11:51:35.103 [info] > git cat-file -s 75735fb4cf3a9f91de0bc7d4214e7cd0a3f4f5e5 [20ms]
2026-03-17 11:51:35.689 [info] > git check-ignore -v -z --stdin [2ms]
2026-03-17 11:53:04.659 [info] > git check-ignore -v -z --stdin [4ms]
2026-03-17 11:53:13.052 [info] > git check-ignore -v -z --stdin [3ms]
2026-03-17 11:53:14.342 [info] > git check-ignore -v -z --stdin [14ms]
2026-03-17 11:53:15.746 [info] > git check-ignore -v -z --stdin [25ms]
2026-03-17 11:53:17.593 [info] > git check-ignore -v -z --stdin [3ms]
2026-03-17 11:53:20.429 [info] > git config --get commit.template [6ms]
2026-03-17 11:53:20.445 [info] > git for-each-ref --format=%(refname)%00%(upstream:short)%00%(objectname)%00%(upstream:track)%00%(upstream:remotename)%00%(upstream:remoteref) refs/heads/master refs/remotes/master [2ms]
2026-03-17 11:53:20.479 [info] > git status -z -uall [17ms]
2026-03-17 11:53:20.482 [info] > git for-each-ref --sort -committerdate --format %(refname)%00%(objectname)%00%(*objectname) [3ms]
2026-03-17 11:53:20.841 [info] > git check-ignore -v -z --stdin [4ms]
2026-03-17 11:53:45.506 [info] > git check-ignore -v -z --stdin [5ms]
2026-03-17 11:53:45.599 [info] > git show --textconv :index.html [36ms]
2026-03-17 11:53:45.601 [info] > git ls-files --stage -- index.html [10ms]
2026-03-17 11:53:45.631 [info] > git cat-file -s 01943434678cca2e9f5e21a1c5f940c4f4c4a328 [12ms]
2026-03-17 11:54:06.427 [info] > git check-ignore -v -z --stdin [6ms]
2026-03-17 11:54:07.337 [info] > git check-ignore -v -z --stdin [6ms]
2026-03-17 11:54:08.067 [info] > git check-ignore -v -z --stdin [4ms]
2026-03-17 11:54:18.984 [info] > git check-ignore -v -z --stdin [4ms]
2026-03-17 11:54:20.533 [info] > git check-ignore -v -z --stdin [8ms]
2026-03-17 11:54:21.100 [info] > git check-ignore -v -z --stdin [1ms]
2026-03-17 11:54:21.415 [info] > git check-ignore -v -z --stdin [7ms]
2026-03-17 11:54:21.871 [info] > git check-ignore -v -z --stdin [3ms]
2026-03-17 11:54:37.995 [info] > git check-ignore -v -z --stdin [10ms]
2026-03-17 11:54:38.862 [info] > git check-ignore -v -z --stdin [8ms]
2026-03-17 11:54:40.853 [info] > git check-ignore -v -z --stdin [2ms]
2026-03-17 11:54:41.697 [info] > git check-ignore -v -z --stdin [16ms]
2026-03-17 11:54:49.594 [info] > git check-ignore -v -z --stdin [17ms]
2026-03-17 11:54:50.001 [info] > git check-ignore -v -z --stdin [5ms]
2026-03-17 11:54:51.688 [info] > git check-ignore -v -z --stdin [8ms]
2026-03-17 11:54:53.642 [info] > git check-ignore -v -z --stdin [4ms]
2026-03-17 11:55:21.673 [info] > git check-ignore -v -z --stdin [21ms]
2026-03-17 11:55:22.015 [info] > git check-ignore -v -z --stdin [3ms]
2026-03-17 11:55:36.151 [info] > git config --get commit.template [3ms]
2026-03-17 11:55:36.191 [info] > git for-each-ref --format=%(refname)%00%(upstream:short)%00%(objectname)%00%(upstream:track)%00%(upstream:remotename)%00%(upstream:remoteref) refs/heads/master refs/remotes/master [9ms]
2026-03-17 11:55:36.224 [info] > git status -z -uall [15ms]
2026-03-17 11:55:36.224 [info] > git for-each-ref --sort -committerdate --format %(refname)%00%(objectname)%00%(*objectname) [8ms]
2026-03-17 11:56:28.257 [info] > git check-ignore -v -z --stdin [12ms]
2026-03-17 11:56:28.361 [info] > git show --textconv :script.js [44ms]
2026-03-17 11:56:28.361 [info] > git ls-files --stage -- script.js [19ms]
2026-03-17 11:56:28.404 [info] > git cat-file -s 75735fb4cf3a9f91de0bc7d4214e7cd0a3f4f5e5 [17ms]
2026-03-17 11:56:32.247 [info] > git check-ignore -v -z --stdin [12ms]
2026-03-17 11:56:32.697 [info] > git check-ignore -v -z --stdin [4ms]
2026-03-17 11:56:34.187 [info] > git check-ignore -v -z --stdin [0ms]
2026-03-17 11:56:36.849 [info] > git config --get commit.template [35ms]
2026-03-17 11:56:36.864 [info] > git for-each-ref --format=%(refname)%00%(upstream:short)%00%(objectname)%00%(upstream:track)%00%(upstream:remotename)%00%(upstream:remoteref) refs/heads/master refs/remotes/master [21ms]
2026-03-17 11:56:36.908 [info] > git status -z -uall [29ms]
2026-03-17 11:56:36.914 [info] > git for-each-ref --sort -committerdate --format %(refname)%00%(objectname)%00%(*objectname) [14ms]
2026-03-17 11:56:37.242 [info] > git check-ignore -v -z --stdin [3ms]
2026-03-17 11:56:50.521 [info] > git check-ignore -v -z --stdin [16ms]
2026-03-17 11:56:50.576 [info] > git show --textconv :style.css [32ms]
2026-03-17 11:56:50.582 [info] > git ls-files --stage -- style.css [10ms]
2026-03-17 11:56:50.603 [info] > git cat-file -s d630c128efbfb757797d108c57541bad6df9abe4 [7ms]
2026-03-17 11:56:53.621 [info] > git check-ignore -v -z --stdin [3ms]
2026-03-17 11:56:54.204 [info] > git check-ignore -v -z --stdin [6ms]
2026-03-17 11:56:54.874 [info] > git check-ignore -v -z --stdin [10ms]
2026-03-17 12:00:31.630 [info] > git check-ignore -v -z --stdin [2ms]
2026-03-17 12:00:31.689 [info] > git show --textconv :index.html [19ms]
2026-03-17 12:00:31.706 [info] > git ls-files --stage -- index.html [19ms]
2026-03-17 12:00:31.736 [info] > git cat-file -s 01943434678cca2e9f5e21a1c5f940c4f4c4a328 [20ms]
2026-03-17 12:00:54.031 [info] > git check-ignore -v -z --stdin [1ms]
2026-03-17 12:00:55.944 [info] > git check-ignore -v -z --stdin [4ms]
2026-03-17 12:00:58.724 [info] > git config --get commit.template [1ms]
2026-03-17 12:00:58.758 [info] > git for-each-ref --format=%(refname)%00%(upstream:short)%00%(objectname)%00%(upstream:track)%00%(upstream:remotename)%00%(upstream:remoteref) refs/heads/master refs/remotes/master [8ms]
2026-03-17 12:00:58.828 [info] > git status -z -uall [27ms]
2026-03-17 12:00:58.829 [info] > git for-each-ref --sort -committerdate --format %(refname)%00%(objectname)%00%(*objectname) [4ms]
2026-03-17 12:00:59.247 [info] > git check-ignore -v -z --stdin [62ms]
2026-03-17 12:01:10.020 [info] > git check-ignore -v -z --stdin [8ms]
2026-03-17 12:01:10.787 [info] > git check-ignore -v -z --stdin [12ms]
2026-03-17 12:01:46.022 [info] > git check-ignore -v -z --stdin [17ms]
2026-03-17 12:01:46.222 [info] > git show --textconv :script.js [0ms]
2026-03-17 12:01:46.235 [info] > git ls-files --stage -- script.js [0ms]
2026-03-17 12:01:46.274 [info] > git cat-file -s 75735fb4cf3a9f91de0bc7d4214e7cd0a3f4f5e5 [5ms]
2026-03-17 12:04:43.086 [info] > git check-ignore -v -z --stdin [2ms]
2026-03-17 12:04:45.450 [info] > git check-ignore -v -z --stdin [12ms]
2026-03-17 12:04:51.045 [info] > git check-ignore -v -z --stdin [2ms]
2026-03-17 12:05:25.680 [info] > git check-ignore -v -z --stdin [2ms]
2026-03-17 12:05:26.472 [info] > git check-ignore -v -z --stdin [4ms]
2026-03-17 12:08:31.745 [info] > git check-ignore -v -z --stdin [18ms]
2026-03-17 12:08:32.415 [info] > git check-ignore -v -z --stdin [12ms]
2026-03-17 12:08:35.471 [info] > git config --get commit.template [2ms]
2026-03-17 12:08:35.545 [info] > git for-each-ref --format=%(refname)%00%(upstream:short)%00%(objectname)%00%(upstream:track)%00%(upstream:remotename)%00%(upstream:remoteref) refs/heads/master refs/remotes/master [27ms]
2026-03-17 12:08:35.636 [info] > git status -z -uall [46ms]
2026-03-17 12:08:35.636 [info] > git for-each-ref --sort -committerdate --format %(refname)%00%(objectname)%00%(*objectname) [11ms]
2026-03-17 12:08:36.112 [info] > git check-ignore -v -z --stdin [12ms]
2026-03-17 12:15:18.424 [info] > git check-ignore -v -z --stdin [5ms]
2026-03-17 12:15:18.544 [info] > git show --textconv :header.html [93ms]
2026-03-17 12:15:18.545 [info] > git ls-files --stage -- header.html [13ms]
2026-03-17 12:15:18.561 [info] > git cat-file -s 7b2ff535535ae23a98e58642539c7cbb7f0d2bb5 [6ms]
2026-03-17 12:15:44.449 [info] > git blame --root --incremental e6776b57561c2d772f1d1c7008c486474bf10f7a -- header.html [14ms]
2026-03-17 12:15:49.751 [info] > git check-ignore -v -z --stdin [9ms]
2026-03-17 12:15:51.808 [info] > git check-ignore -v -z --stdin [5ms]
2026-03-17 12:15:54.181 [info] > git config --get commit.template [3ms]
2026-03-17 12:15:54.212 [info] > git for-each-ref --format=%(refname)%00%(upstream:short)%00%(objectname)%00%(upstream:track)%00%(upstream:remotename)%00%(upstream:remoteref) refs/heads/master refs/remotes/master [21ms]
2026-03-17 12:15:54.248 [info] > git status -z -uall [14ms]
2026-03-17 12:15:54.254 [info] > git for-each-ref --sort -committerdate --format %(refname)%00%(objectname)%00%(*objectname) [7ms]
2026-03-17 12:15:54.675 [info] > git check-ignore -v -z --stdin [15ms]
2026-03-17 14:02:52.736 [info] > git check-ignore -v -z --stdin [64ms]
2026-03-17 14:02:52.915 [info] > git ls-files --stage -- style.css [1ms]
2026-03-17 14:02:53.023 [info] > git show --textconv :style.css [135ms]
2026-03-17 14:02:53.023 [info] > git cat-file -s d630c128efbfb757797d108c57541bad6df9abe4 [1ms]
2026-03-17 14:02:55.844 [info] > git check-ignore -v -z --stdin [4ms]
2026-03-17 14:02:56.692 [info] > git check-ignore -v -z --stdin [37ms]
2026-03-17 14:02:59.524 [info] > git config --get commit.template [3ms]
2026-03-17 14:02:59.540 [info] > git for-each-ref --format=%(refname)%00%(upstream:short)%00%(objectname)%00%(upstream:track)%00%(upstream:remotename)%00%(upstream:remoteref) refs/heads/master refs/remotes/master [5ms]
2026-03-17 14:02:59.557 [info] > git status -z -uall [10ms]
2026-03-17 14:02:59.569 [info] > git for-each-ref --sort -committerdate --format %(refname)%00%(objectname)%00%(*objectname) [13ms]
2026-03-17 14:02:59.930 [info] > git check-ignore -v -z --stdin [6ms]
2026-03-17 14:03:26.774 [info] > git check-ignore -v -z --stdin [31ms]
2026-03-17 14:03:26.848 [info] > git show --textconv :script.js [0ms]
2026-03-17 14:03:26.879 [info] > git ls-files --stage -- script.js [3ms]
2026-03-17 14:03:26.934 [info] > git cat-file -s 75735fb4cf3a9f91de0bc7d4214e7cd0a3f4f5e5 [3ms]
2026-03-17 14:03:31.356 [info] > git check-ignore -v -z --stdin [79ms]
2026-03-17 14:03:32.534 [info] > git check-ignore -v -z --stdin [2ms]
2026-03-17 14:03:33.154 [info] > git check-ignore -v -z --stdin [18ms]
2026-03-17 14:03:35.256 [info] > git for-each-ref --format=%(refname)%00%(upstream:short)%00%(objectname)%00%(upstream:track)%00%(upstream:remotename)%00%(upstream:remoteref) refs/heads/master refs/remotes/master [10ms]
2026-03-17 14:03:35.259 [info] > git config --get commit.template [26ms]
2026-03-17 14:03:35.293 [info] > git status -z -uall [22ms]
2026-03-17 14:03:35.293 [info] > git for-each-ref --sort -committerdate --format %(refname)%00%(objectname)%00%(*objectname) [4ms]
2026-03-17 14:03:35.637 [info] > git check-ignore -v -z --stdin [20ms]
2026-03-17 14:03:43.330 [info] > git check-ignore -v -z --stdin [4ms]
2026-03-17 14:03:50.359 [info] > git check-ignore -v -z --stdin [4ms]
2026-03-17 14:04:00.024 [info] > git check-ignore -v -z --stdin [11ms]
2026-03-17 14:04:12.661 [info] > git check-ignore -v -z --stdin [4ms]
2026-03-17 17:26:02.323 [info] > git config --get commit.template [16ms]
2026-03-17 17:26:02.394 [info] > git for-each-ref --format=%(refname)%00%(upstream:short)%00%(objectname)%00%(upstream:track)%00%(upstream:remotename)%00%(upstream:remoteref) refs/heads/master refs/remotes/master [13ms]
2026-03-17 17:26:02.487 [info] > git status -z -uall [57ms]
2026-03-17 17:26:02.500 [info] > git for-each-ref --sort -committerdate --format %(refname)%00%(objectname)%00%(*objectname) [15ms]
2026-03-17 17:26:02.925 [info] > git check-ignore -v -z --stdin [4ms]
