2026-03-16 09:49:49.043 [info] [main] Log level: Info
2026-03-16 09:49:49.043 [info] [main] Validating found git in: "git"
2026-03-16 09:49:49.043 [info] [main] Using git "2.39.5" from "git"
2026-03-16 09:49:49.043 [info] [Model][doInitialScan] Initial repository scan started
2026-03-16 09:49:49.043 [info] [Model][doInitialScan] Initial repository scan completed - repositories (0), closed repositories (0), parent repositories (0), unsafe repositories (0)
2026-03-16 10:02:50.514 [info] > git rev-parse --show-toplevel [3ms]
2026-03-16 10:02:50.575 [info] > git rev-parse --git-dir --git-common-dir --show-superproject-working-tree [43ms]
2026-03-16 10:02:57.924 [info] [Model][openRepository] Opened repository (path): /home/kwizeraashimihv/CCA-SITE
2026-03-16 10:02:57.924 [info] [Model][openRepository] Opened repository (real path): /home/kwizeraashimihv/CCA-SITE
2026-03-16 10:02:57.924 [info] [Model][openRepository] Opened repository (kind): repository
2026-03-16 10:02:57.967 [info] > git config --get commit.template [28ms]
2026-03-16 10:02:57.984 [info] > git for-each-ref --format=%(refname)%00%(upstream:short)%00%(objectname)%00%(upstream:track)%00%(upstream:remotename)%00%(upstream:remoteref) refs/heads/master refs/remotes/master [4ms]
2026-03-16 10:02:58.042 [info] > git status -z -uall [25ms]
2026-03-16 10:02:58.042 [info] > git for-each-ref --sort -committerdate --format %(refname)%00%(objectname)%00%(*objectname) [5ms]
2026-03-16 10:02:58.114 [info] > git for-each-ref --format=%(refname)%00%(upstream:short)%00%(objectname)%00%(upstream:track)%00%(upstream:remotename)%00%(upstream:remoteref) refs/heads/master refs/remotes/master [27ms]
2026-03-16 10:02:58.125 [info] > git config --get --local branch.master.vscode-merge-base [4ms]
2026-03-16 10:02:58.126 [warning] [Git][config] git config failed: Failed to execute git
2026-03-16 10:02:58.131 [info] > git config --get commit.template [25ms]
2026-03-16 10:02:58.149 [info] > git for-each-ref --format=%(refname)%00%(upstream:short)%00%(objectname)%00%(upstream:track)%00%(upstream:remotename)%00%(upstream:remoteref) refs/heads/master refs/remotes/master [2ms]
2026-03-16 10:02:58.149 [info] > git reflog master --grep-reflog=branch: Created from *. [18ms]
2026-03-16 10:02:58.188 [info] > git status -z -uall [11ms]
2026-03-16 10:02:58.189 [info] > git symbolic-ref --short refs/remotes/origin/HEAD [26ms]
2026-03-16 10:02:58.189 [info] fatal: ref refs/remotes/origin/HEAD is not a symbolic ref
2026-03-16 10:02:58.189 [warning] [Repository][getDefaultBranch] Failed to get default branch details: Failed to execute git.
2026-03-16 10:02:58.196 [info] > git for-each-ref --sort -committerdate --format %(refname)%00%(objectname)%00%(*objectname) [8ms]
2026-03-16 10:02:58.235 [info] > git merge-base refs/heads/master refs/remotes/origin/master [18ms]
2026-03-16 10:02:58.241 [info] > git merge-base refs/heads/master refs/remotes/origin/master [47ms]
2026-03-16 10:02:58.248 [info] > git diff --raw --numstat --diff-filter=ADMR -z --find-renames=50% e6776b57561c2d772f1d1c7008c486474bf10f7a...refs/remotes/origin/master -- [2ms]
2026-03-16 10:02:58.254 [info] > git diff --raw --numstat --diff-filter=ADMR -z --find-renames=50% e6776b57561c2d772f1d1c7008c486474bf10f7a...refs/remotes/origin/master -- [13ms]
2026-03-16 10:02:58.516 [info] > git check-ignore -v -z --stdin [13ms]
2026-03-16 10:03:29.082 [info] [main] Log level: Info
2026-03-16 10:03:29.082 [info] [main] Validating found git in: "git"
2026-03-16 10:03:29.082 [info] [main] Using git "2.39.5" from "git"
2026-03-16 10:03:29.082 [info] [Model][doInitialScan] Initial repository scan started
2026-03-16 10:03:29.082 [info] > git rev-parse --show-toplevel [5ms]
2026-03-16 10:03:29.082 [info] > git rev-parse --git-dir --git-common-dir --show-superproject-working-tree [7ms]
2026-03-16 10:03:29.307 [info] [Model][openRepository] Opened repository (path): /home/kwizeraashimihv/CCA-SITE
2026-03-16 10:03:29.307 [info] [Model][openRepository] Opened repository (real path): /home/kwizeraashimihv/CCA-SITE
2026-03-16 10:03:29.307 [info] [Model][openRepository] Opened repository (kind): repository
2026-03-16 10:03:29.325 [info] [Model][doInitialScan] Initial repository scan completed - repositories (1), closed repositories (0), parent repositories (0), unsafe repositories (0)
2026-03-16 10:03:29.371 [info] > git config --get commit.template [25ms]
2026-03-16 10:03:29.526 [info] > git for-each-ref --format=%(refname)%00%(upstream:short)%00%(objectname)%00%(upstream:track)%00%(upstream:remotename)%00%(upstream:remoteref) refs/heads/master refs/remotes/master [63ms]
2026-03-16 10:03:29.576 [info] > git status -z -uall [25ms]
2026-03-16 10:03:29.577 [info] > git for-each-ref --sort -committerdate --format %(refname)%00%(objectname)%00%(*objectname) [3ms]
2026-03-16 10:03:29.730 [info] > git for-each-ref --format=%(refname)%00%(upstream:short)%00%(objectname)%00%(upstream:track)%00%(upstream:remotename)%00%(upstream:remoteref) refs/heads/master refs/remotes/master [94ms]
2026-03-16 10:03:29.954 [info] > git config --get --local branch.master.vscode-merge-base [209ms]
2026-03-16 10:03:29.954 [warning] [Git][config] git config failed: Failed to execute git
2026-03-16 10:03:29.990 [info] > git config --get commit.template [272ms]
2026-03-16 10:03:30.020 [info] > git check-ignore -v -z --stdin [24ms]
2026-03-16 10:03:30.021 [info] > git reflog master --grep-reflog=branch: Created from *. [32ms]
2026-03-16 10:03:30.115 [info] > git symbolic-ref --short refs/remotes/origin/HEAD [88ms]
2026-03-16 10:03:30.115 [info] fatal: ref refs/remotes/origin/HEAD is not a symbolic ref
2026-03-16 10:03:30.115 [warning] [Repository][getDefaultBranch] Failed to get default branch details: Failed to execute git.
2026-03-16 10:03:30.152 [info] > git check-ignore -v -z --stdin [52ms]
2026-03-16 10:03:30.155 [info] > git merge-base refs/heads/master refs/remotes/origin/master [25ms]
2026-03-16 10:03:30.191 [info] > git for-each-ref --format=%(refname)%00%(upstream:short)%00%(objectname)%00%(upstream:track)%00%(upstream:remotename)%00%(upstream:remoteref) refs/heads/master refs/remotes/master [103ms]
2026-03-16 10:03:30.465 [info] > git diff --raw --numstat --diff-filter=ADMR -z --find-renames=50% e6776b57561c2d772f1d1c7008c486474bf10f7a...refs/remotes/origin/master -- [275ms]
2026-03-16 10:03:30.510 [info] > git show --textconv :README.md [30ms]
2026-03-16 10:03:30.511 [info] > git ls-files --stage -- README.md [23ms]
2026-03-16 10:03:30.521 [info] > git cat-file -s 724b6273bf12bb17f976e64ea57766aaece889f6 [5ms]
2026-03-16 10:03:30.559 [info] > git status -z -uall [31ms]
2026-03-16 10:03:30.560 [info] > git for-each-ref --sort -committerdate --format %(refname)%00%(objectname)%00%(*objectname) [18ms]
2026-03-16 10:03:33.796 [info] > git check-ignore -v -z --stdin [129ms]
2026-03-16 10:03:34.107 [info] > git show --textconv :script.js [48ms]
2026-03-16 10:03:34.108 [info] > git ls-files --stage -- script.js [14ms]
2026-03-16 10:03:34.127 [info] > git cat-file -s 75735fb4cf3a9f91de0bc7d4214e7cd0a3f4f5e5 [11ms]
2026-03-16 10:03:38.166 [info] > git check-ignore -v -z --stdin [5ms]
2026-03-16 10:03:38.239 [info] > git show --textconv :index.html [17ms]
2026-03-16 10:03:38.240 [info] > git ls-files --stage -- index.html [9ms]
2026-03-16 10:03:38.249 [info] > git cat-file -s 01943434678cca2e9f5e21a1c5f940c4f4c4a328 [3ms]
2026-03-16 15:09:39.984 [info] > git blame --root --incremental e6776b57561c2d772f1d1c7008c486474bf10f7a -- index.html [7ms]
2026-03-16 15:10:27.698 [info] > git check-ignore -v -z --stdin [8ms]
2026-03-16 15:10:28.886 [info] > git check-ignore -v -z --stdin [2ms]
2026-03-16 15:10:30.429 [info] > git check-ignore -v -z --stdin [17ms]
2026-03-16 15:10:34.717 [info] > git config --get commit.template [1ms]
2026-03-16 15:10:34.772 [info] > git for-each-ref --format=%(refname)%00%(upstream:short)%00%(objectname)%00%(upstream:track)%00%(upstream:remotename)%00%(upstream:remoteref) refs/heads/master refs/remotes/master [35ms]
2026-03-16 15:10:34.839 [info] > git status -z -uall [51ms]
2026-03-16 15:10:34.859 [info] > git for-each-ref --sort -committerdate --format %(refname)%00%(objectname)%00%(*objectname) [21ms]
2026-03-16 15:10:35.265 [info] > git check-ignore -v -z --stdin [13ms]
2026-03-16 15:10:51.115 [info] > git check-ignore -v -z --stdin [57ms]
2026-03-16 15:10:51.419 [info] > git show --textconv :style.css [2ms]
2026-03-16 15:10:51.437 [info] > git ls-files --stage -- style.css [1ms]
2026-03-16 15:10:51.467 [info] > git cat-file -s d630c128efbfb757797d108c57541bad6df9abe4 [3ms]
2026-03-16 15:10:55.348 [info] > git blame --root --incremental e6776b57561c2d772f1d1c7008c486474bf10f7a -- style.css [8ms]
2026-03-16 15:10:57.262 [info] > git check-ignore -v -z --stdin [3ms]
2026-03-16 15:10:59.170 [info] > git check-ignore -v -z --stdin [8ms]
2026-03-16 15:11:00.294 [info] > git check-ignore -v -z --stdin [2ms]
2026-03-16 15:11:06.979 [info] > git check-ignore -v -z --stdin [9ms]
2026-03-16 15:11:07.133 [info] > git show --textconv :index.html [35ms]
2026-03-16 15:11:07.207 [info] > git ls-files --stage -- index.html [76ms]
2026-03-16 15:11:07.230 [info] > git cat-file -s 01943434678cca2e9f5e21a1c5f940c4f4c4a328 [2ms]
2026-03-16 15:12:18.662 [info] > git config --get commit.template [11ms]
2026-03-16 15:12:18.699 [info] > git for-each-ref --format=%(refname)%00%(upstream:short)%00%(objectname)%00%(upstream:track)%00%(upstream:remotename)%00%(upstream:remoteref) refs/heads/master refs/remotes/master [5ms]
2026-03-16 15:12:18.779 [info] > git status -z -uall [44ms]
2026-03-16 15:12:18.788 [info] > git for-each-ref --sort -committerdate --format %(refname)%00%(objectname)%00%(*objectname) [12ms]
2026-03-16 15:12:19.226 [info] > git check-ignore -v -z --stdin [2ms]
2026-03-16 15:12:33.428 [info] > git check-ignore -v -z --stdin [2ms]
2026-03-16 15:12:33.866 [info] > git check-ignore -v -z --stdin [11ms]
2026-03-16 15:12:35.655 [info] > git check-ignore -v -z --stdin [3ms]
2026-03-16 15:12:36.863 [info] > git check-ignore -v -z --stdin [12ms]
2026-03-16 15:12:37.279 [info] > git check-ignore -v -z --stdin [4ms]
2026-03-16 15:12:39.315 [info] > git check-ignore -v -z --stdin [2ms]
2026-03-16 15:12:42.103 [info] > git config --get commit.template [8ms]
2026-03-16 15:12:42.111 [info] > git for-each-ref --format=%(refname)%00%(upstream:short)%00%(objectname)%00%(upstream:track)%00%(upstream:remotename)%00%(upstream:remoteref) refs/heads/master refs/remotes/master [3ms]
2026-03-16 15:12:42.140 [info] > git status -z -uall [17ms]
2026-03-16 15:12:42.140 [info] > git for-each-ref --sort -committerdate --format %(refname)%00%(objectname)%00%(*objectname) [1ms]
2026-03-16 15:13:39.953 [info] > git check-ignore -v -z --stdin [3ms]
2026-03-16 15:13:40.961 [info] > git check-ignore -v -z --stdin [43ms]
2026-03-16 15:13:46.169 [info] > git check-ignore -v -z --stdin [6ms]
2026-03-16 15:13:48.333 [info] > git check-ignore -v -z --stdin [3ms]
2026-03-16 15:13:52.243 [info] > git for-each-ref --format=%(refname)%00%(upstream:short)%00%(objectname)%00%(upstream:track)%00%(upstream:remotename)%00%(upstream:remoteref) refs/heads/master refs/remotes/master [4ms]
2026-03-16 15:13:52.245 [info] > git config --get commit.template [16ms]
2026-03-16 15:13:52.276 [info] > git status -z -uall [16ms]
2026-03-16 15:13:52.276 [info] > git for-each-ref --sort -committerdate --format %(refname)%00%(objectname)%00%(*objectname) [5ms]
2026-03-16 15:14:29.598 [info] > git check-ignore -v -z --stdin [31ms]
2026-03-16 15:14:30.013 [info] > git show --textconv :style.css [77ms]
2026-03-16 15:14:30.013 [info] > git ls-files --stage -- style.css [1ms]
2026-03-16 15:14:30.056 [info] > git cat-file -s d630c128efbfb757797d108c57541bad6df9abe4 [24ms]
2026-03-16 15:14:33.753 [info] > git check-ignore -v -z --stdin [4ms]
2026-03-16 15:14:35.216 [info] > git check-ignore -v -z --stdin [11ms]
2026-03-16 15:14:37.680 [info] > git check-ignore -v -z --stdin [3ms]
2026-03-16 15:14:40.526 [info] > git config --get commit.template [9ms]
2026-03-16 15:14:40.526 [info] > git for-each-ref --format=%(refname)%00%(upstream:short)%00%(objectname)%00%(upstream:track)%00%(upstream:remotename)%00%(upstream:remoteref) refs/heads/master refs/remotes/master [3ms]
2026-03-16 15:14:40.550 [info] > git for-each-ref --sort -committerdate --format %(refname)%00%(objectname)%00%(*objectname) [2ms]
2026-03-16 15:14:40.553 [info] > git status -z -uall [20ms]
2026-03-16 15:15:37.424 [info] > git config --get commit.template [20ms]
2026-03-16 15:15:37.448 [info] > git for-each-ref --format=%(refname)%00%(upstream:short)%00%(objectname)%00%(upstream:track)%00%(upstream:remotename)%00%(upstream:remoteref) refs/heads/master refs/remotes/master [4ms]
2026-03-16 15:15:37.480 [info] > git status -z -uall [20ms]
2026-03-16 15:15:37.487 [info] > git for-each-ref --sort -committerdate --format %(refname)%00%(objectname)%00%(*objectname) [13ms]
2026-03-16 15:19:52.407 [info] > git check-ignore -v -z --stdin [6ms]
2026-03-16 15:19:52.435 [info] > git show --textconv :index.html [2ms]
2026-03-16 15:19:52.446 [info] > git ls-files --stage -- index.html [1ms]
2026-03-16 15:19:52.466 [info] > git cat-file -s 01943434678cca2e9f5e21a1c5f940c4f4c4a328 [9ms]
2026-03-16 15:26:45.063 [info] > git check-ignore -v -z --stdin [33ms]
2026-03-16 15:26:45.176 [info] > git show --textconv :style.css [37ms]
2026-03-16 15:26:45.180 [info] > git ls-files --stage -- style.css [14ms]
2026-03-16 15:26:45.219 [info] > git cat-file -s d630c128efbfb757797d108c57541bad6df9abe4 [19ms]
2026-03-16 15:37:43.780 [info] > git check-ignore -v -z --stdin [7ms]
2026-03-16 15:37:43.902 [info] > git show --textconv :script.js [37ms]
2026-03-16 15:37:43.915 [info] > git ls-files --stage -- script.js [25ms]
2026-03-16 15:37:43.955 [info] > git cat-file -s 75735fb4cf3a9f91de0bc7d4214e7cd0a3f4f5e5 [7ms]
2026-03-16 15:37:47.177 [info] > git blame --root --incremental e6776b57561c2d772f1d1c7008c486474bf10f7a -- script.js [13ms]
2026-03-16 15:37:49.973 [info] > git check-ignore -v -z --stdin [20ms]
2026-03-16 15:37:50.747 [info] > git check-ignore -v -z --stdin [12ms]
2026-03-16 15:37:54.239 [info] > git config --get commit.template [2ms]
2026-03-16 15:37:54.262 [info] > git for-each-ref --format=%(refname)%00%(upstream:short)%00%(objectname)%00%(upstream:track)%00%(upstream:remotename)%00%(upstream:remoteref) refs/heads/master refs/remotes/master [10ms]
2026-03-16 15:37:54.343 [info] > git status -z -uall [62ms]
2026-03-16 15:37:54.343 [info] > git for-each-ref --sort -committerdate --format %(refname)%00%(objectname)%00%(*objectname) [8ms]
2026-03-16 15:37:54.693 [info] > git check-ignore -v -z --stdin [5ms]
2026-03-16 15:37:55.229 [info] > git check-ignore -v -z --stdin [49ms]
2026-03-16 15:37:59.432 [info] > git config --get commit.template [10ms]
2026-03-16 15:37:59.442 [info] > git for-each-ref --format=%(refname)%00%(upstream:short)%00%(objectname)%00%(upstream:track)%00%(upstream:remotename)%00%(upstream:remoteref) refs/heads/master refs/remotes/master [2ms]
2026-03-16 15:37:59.461 [info] > git status -z -uall [8ms]
2026-03-16 15:37:59.462 [info] > git for-each-ref --sort -committerdate --format %(refname)%00%(objectname)%00%(*objectname) [2ms]
2026-03-16 15:38:33.056 [info] > git check-ignore -v -z --stdin [12ms]
2026-03-16 15:38:34.333 [info] > git check-ignore -v -z --stdin [1ms]
2026-03-16 15:38:35.453 [info] > git check-ignore -v -z --stdin [5ms]
2026-03-16 15:39:00.938 [info] > git config --get commit.template [39ms]
2026-03-16 15:39:01.010 [info] > git for-each-ref --format=%(refname)%00%(upstream:short)%00%(objectname)%00%(upstream:track)%00%(upstream:remotename)%00%(upstream:remoteref) refs/heads/master refs/remotes/master [6ms]
2026-03-16 15:39:01.083 [info] > git status -z -uall [37ms]
2026-03-16 15:39:01.112 [info] > git for-each-ref --sort -committerdate --format %(refname)%00%(objectname)%00%(*objectname) [39ms]
2026-03-16 15:43:03.063 [info] > git show -s --decorate=full --shortstat --format=%H%n%aN%n%aE%n%at%n%ct%n%P%n%D%n%B -z e6776b57561c2d772f1d1c7008c486474bf10f7a -- [5ms]
2026-03-16 15:43:36.518 [info] > git check-ignore -v -z --stdin [2ms]
2026-03-16 15:43:37.900 [info] > git check-ignore -v -z --stdin [7ms]
2026-03-16 15:43:38.370 [info] > git check-ignore -v -z --stdin [3ms]
2026-03-16 15:43:41.057 [info] > git config --get commit.template [1ms]
2026-03-16 15:43:41.094 [info] > git for-each-ref --format=%(refname)%00%(upstream:short)%00%(objectname)%00%(upstream:track)%00%(upstream:remotename)%00%(upstream:remoteref) refs/heads/master refs/remotes/master [13ms]
2026-03-16 15:43:41.298 [info] > git status -z -uall [153ms]
2026-03-16 15:43:41.300 [info] > git for-each-ref --sort -committerdate --format %(refname)%00%(objectname)%00%(*objectname) [16ms]
2026-03-16 15:56:36.167 [info] > git check-ignore -v -z --stdin [7ms]
2026-03-16 15:56:36.337 [info] > git show --textconv :index.html [16ms]
2026-03-16 15:56:36.361 [info] > git ls-files --stage -- index.html [3ms]
2026-03-16 15:56:36.383 [info] > git cat-file -s 01943434678cca2e9f5e21a1c5f940c4f4c4a328 [1ms]
2026-03-16 15:59:24.746 [info] > git check-ignore -v -z --stdin [5ms]
2026-03-16 15:59:27.657 [info] > git check-ignore -v -z --stdin [16ms]
2026-03-16 16:02:20.704 [info] > git config --get commit.template [12ms]
2026-03-16 16:02:20.754 [info] > git for-each-ref --format=%(refname)%00%(upstream:short)%00%(objectname)%00%(upstream:track)%00%(upstream:remotename)%00%(upstream:remoteref) refs/heads/master refs/remotes/master [15ms]
2026-03-16 16:02:20.833 [info] > git status -z -uall [48ms]
2026-03-16 16:02:20.833 [info] > git for-each-ref --sort -committerdate --format %(refname)%00%(objectname)%00%(*objectname) [2ms]
2026-03-16 16:04:01.144 [info] > git config --get commit.template [9ms]
2026-03-16 16:04:01.191 [info] > git for-each-ref --format=%(refname)%00%(upstream:short)%00%(objectname)%00%(upstream:track)%00%(upstream:remotename)%00%(upstream:remoteref) refs/heads/master refs/remotes/master [34ms]
2026-03-16 16:04:01.278 [info] > git status -z -uall [53ms]
2026-03-16 16:04:01.278 [info] > git for-each-ref --sort -committerdate --format %(refname)%00%(objectname)%00%(*objectname) [9ms]
2026-03-16 19:54:18.462 [info] > git check-ignore -v -z --stdin [1ms]
2026-03-16 19:54:21.223 [info] > git check-ignore -v -z --stdin [8ms]
2026-03-16 19:54:30.448 [info] > git check-ignore -v -z --stdin [1ms]
2026-03-16 19:54:31.413 [info] > git check-ignore -v -z --stdin [6ms]
2026-03-16 19:54:33.395 [info] > git check-ignore -v -z --stdin [3ms]
2026-03-16 19:54:34.676 [info] > git check-ignore -v -z --stdin [6ms]
2026-03-16 19:54:36.084 [info] > git check-ignore -v -z --stdin [4ms]
2026-03-16 19:56:00.972 [info] > git config --get commit.template [21ms]
2026-03-16 19:56:01.006 [info] > git for-each-ref --format=%(refname)%00%(upstream:short)%00%(objectname)%00%(upstream:track)%00%(upstream:remotename)%00%(upstream:remoteref) refs/heads/master refs/remotes/master [9ms]
2026-03-16 19:56:01.065 [info] > git status -z -uall [25ms]
2026-03-16 19:56:01.078 [info] > git for-each-ref --sort -committerdate --format %(refname)%00%(objectname)%00%(*objectname) [17ms]
2026-03-16 19:56:05.263 [info] > git check-ignore -v -z --stdin [3ms]
2026-03-16 19:56:05.314 [info] > git show --textconv :script.js [15ms]
2026-03-16 19:56:05.314 [info] > git ls-files --stage -- script.js [1ms]
2026-03-16 19:56:05.350 [info] > git cat-file -s 75735fb4cf3a9f91de0bc7d4214e7cd0a3f4f5e5 [19ms]
2026-03-16 19:56:33.413 [info] > git check-ignore -v -z --stdin [11ms]
2026-03-16 19:56:34.077 [info] > git check-ignore -v -z --stdin [2ms]
2026-03-16 19:56:34.907 [info] > git check-ignore -v -z --stdin [3ms]
2026-03-16 19:56:37.442 [info] > git config --get commit.template [2ms]
2026-03-16 19:56:37.473 [info] > git for-each-ref --format=%(refname)%00%(upstream:short)%00%(objectname)%00%(upstream:track)%00%(upstream:remotename)%00%(upstream:remoteref) refs/heads/master refs/remotes/master [22ms]
2026-03-16 19:56:37.536 [info] > git status -z -uall [29ms]
2026-03-16 19:56:37.536 [info] > git for-each-ref --sort -committerdate --format %(refname)%00%(objectname)%00%(*objectname) [2ms]
2026-03-16 19:58:49.911 [info] > git check-ignore -v -z --stdin [4ms]
2026-03-16 19:58:50.000 [info] > git show --textconv :style.css [45ms]
2026-03-16 19:58:50.003 [info] > git ls-files --stage -- style.css [5ms]
2026-03-16 19:58:50.021 [info] > git cat-file -s d630c128efbfb757797d108c57541bad6df9abe4 [3ms]
2026-03-16 20:02:29.546 [info] > git check-ignore -v -z --stdin [15ms]
2026-03-16 20:02:32.213 [info] > git check-ignore -v -z --stdin [3ms]
2026-03-16 20:02:39.024 [info] > git check-ignore -v -z --stdin [8ms]
2026-03-16 20:02:56.627 [info] > git config --get commit.template [19ms]
2026-03-16 20:02:56.649 [info] > git for-each-ref --format=%(refname)%00%(upstream:short)%00%(objectname)%00%(upstream:track)%00%(upstream:remotename)%00%(upstream:remoteref) refs/heads/master refs/remotes/master [23ms]
2026-03-16 20:02:56.687 [info] > git status -z -uall [29ms]
2026-03-16 20:02:56.687 [info] > git for-each-ref --sort -committerdate --format %(refname)%00%(objectname)%00%(*objectname) [5ms]
2026-03-16 20:05:56.624 [info] > git check-ignore -v -z --stdin [2ms]
2026-03-16 20:05:58.223 [info] > git check-ignore -v -z --stdin [20ms]
2026-03-16 20:06:01.559 [info] > git config --get commit.template [11ms]
2026-03-16 20:06:01.563 [info] > git for-each-ref --format=%(refname)%00%(upstream:short)%00%(objectname)%00%(upstream:track)%00%(upstream:remotename)%00%(upstream:remoteref) refs/heads/master refs/remotes/master [4ms]
2026-03-16 20:06:01.592 [info] > git status -z -uall [17ms]
2026-03-16 20:06:01.592 [info] > git for-each-ref --sort -committerdate --format %(refname)%00%(objectname)%00%(*objectname) [4ms]
2026-03-16 20:09:32.481 [info] > git check-ignore -v -z --stdin [22ms]
2026-03-16 20:09:32.595 [info] > git show --textconv :index.html [17ms]
2026-03-16 20:09:32.595 [info] > git ls-files --stage -- index.html [2ms]
2026-03-16 20:09:32.638 [info] > git cat-file -s 01943434678cca2e9f5e21a1c5f940c4f4c4a328 [13ms]
2026-03-16 20:21:47.690 [info] > git check-ignore -v -z --stdin [5ms]
2026-03-16 20:21:48.318 [info] > git check-ignore -v -z --stdin [2ms]
2026-03-16 20:21:51.458 [info] > git config --get commit.template [92ms]
2026-03-16 20:21:51.460 [info] > git for-each-ref --format=%(refname)%00%(upstream:short)%00%(objectname)%00%(upstream:track)%00%(upstream:remotename)%00%(upstream:remoteref) refs/heads/master refs/remotes/master [4ms]
2026-03-16 20:21:51.550 [info] > git status -z -uall [45ms]
2026-03-16 20:21:51.550 [info] > git for-each-ref --sort -committerdate --format %(refname)%00%(objectname)%00%(*objectname) [11ms]
2026-03-16 20:22:14.112 [info] > git check-ignore -v -z --stdin [10ms]
2026-03-16 20:22:14.181 [info] > git show --textconv :style.css [39ms]
2026-03-16 20:22:14.181 [info] > git ls-files --stage -- style.css [11ms]
2026-03-16 20:22:14.262 [info] > git cat-file -s d630c128efbfb757797d108c57541bad6df9abe4 [48ms]
2026-03-16 20:22:22.121 [info] > git check-ignore -v -z --stdin [15ms]
2026-03-16 20:22:23.259 [info] > git check-ignore -v -z --stdin [4ms]
2026-03-16 20:22:26.186 [info] > git config --get commit.template [40ms]
2026-03-16 20:22:26.190 [info] > git for-each-ref --format=%(refname)%00%(upstream:short)%00%(objectname)%00%(upstream:track)%00%(upstream:remotename)%00%(upstream:remoteref) refs/heads/master refs/remotes/master [9ms]
2026-03-16 20:22:26.235 [info] > git status -z -uall [26ms]
2026-03-16 20:22:26.245 [info] > git for-each-ref --sort -committerdate --format %(refname)%00%(objectname)%00%(*objectname) [12ms]
2026-03-16 20:23:01.956 [info] > git check-ignore -v -z --stdin [34ms]
2026-03-16 20:23:02.065 [info] > git show --textconv :script.js [62ms]
2026-03-16 20:23:02.065 [info] > git ls-files --stage -- script.js [1ms]
2026-03-16 20:23:02.117 [info] > git cat-file -s 75735fb4cf3a9f91de0bc7d4214e7cd0a3f4f5e5 [32ms]
2026-03-16 20:26:38.180 [info] > git check-ignore -v -z --stdin [6ms]
2026-03-16 20:26:39.351 [info] > git check-ignore -v -z --stdin [2ms]
2026-03-16 20:26:42.687 [info] > git config --get commit.template [2ms]
2026-03-16 20:26:42.704 [info] > git for-each-ref --format=%(refname)%00%(upstream:short)%00%(objectname)%00%(upstream:track)%00%(upstream:remotename)%00%(upstream:remoteref) refs/heads/master refs/remotes/master [3ms]
2026-03-16 20:26:42.777 [info] > git status -z -uall [18ms]
2026-03-16 20:26:42.777 [info] > git for-each-ref --sort -committerdate --format %(refname)%00%(objectname)%00%(*objectname) [1ms]
2026-03-16 20:39:44.796 [info] > git check-ignore -v -z --stdin [37ms]
2026-03-16 20:39:45.377 [info] > git config --get commit.template [11ms]
2026-03-16 20:39:45.464 [info] > git for-each-ref --format=%(refname)%00%(upstream:short)%00%(objectname)%00%(upstream:track)%00%(upstream:remotename)%00%(upstream:remoteref) refs/heads/master refs/remotes/master [32ms]
2026-03-16 20:39:45.619 [info] > git check-ignore -v -z --stdin [75ms]
2026-03-16 20:39:45.620 [info] > git status -z -uall [14ms]
2026-03-16 20:39:45.651 [info] > git for-each-ref --sort -committerdate --format %(refname)%00%(objectname)%00%(*objectname) [35ms]
2026-03-16 20:39:45.968 [info] > git show --textconv :landing.html [33ms]
2026-03-16 20:39:45.969 [info] > git ls-files --stage -- landing.html [2ms]
2026-03-16 20:39:46.127 [info] > git hash-object -t tree /dev/null [24ms]
2026-03-16 20:39:46.142 [warning] [GitFileSystemProvider][readFile] File not found - git:/home/kwizeraashimihv/CCA-SITE/landing.html.git?%7B%22path%22%3A%22%2Fhome%2Fkwizeraashimihv%2FCCA-SITE%2Flanding.html%22%2C%22ref%22%3A%22%22%7D
2026-03-16 20:39:46.142 [info] > git hash-object -t tree /dev/null [86ms]
2026-03-16 20:39:46.142 [warning] [GitFileSystemProvider][stat] File not found - git:/home/kwizeraashimihv/CCA-SITE/landing.html.git?%7B%22path%22%3A%22%2Fhome%2Fkwizeraashimihv%2FCCA-SITE%2Flanding.html%22%2C%22ref%22%3A%22%22%7D
2026-03-16 20:40:02.423 [info] > git check-ignore -v -z --stdin [2ms]
2026-03-16 20:40:02.463 [info] > git show --textconv :index.html [20ms]
2026-03-16 20:40:02.463 [info] > git ls-files --stage -- index.html [5ms]
2026-03-16 20:40:02.479 [info] > git cat-file -s 01943434678cca2e9f5e21a1c5f940c4f4c4a328 [3ms]
2026-03-16 20:44:11.919 [info] > git check-ignore -v -z --stdin [5ms]
2026-03-16 20:44:14.997 [info] > git check-ignore -v -z --stdin [7ms]
2026-03-16 20:44:17.700 [info] > git check-ignore -v -z --stdin [13ms]
2026-03-16 20:44:18.549 [info] > git check-ignore -v -z --stdin [27ms]
2026-03-16 20:44:19.028 [info] > git check-ignore -v -z --stdin [16ms]
2026-03-16 20:52:26.147 [info] > git check-ignore -v -z --stdin [15ms]
2026-03-16 20:52:30.431 [info] > git config --get commit.template [109ms]
2026-03-16 20:52:30.460 [info] > git for-each-ref --format=%(refname)%00%(upstream:short)%00%(objectname)%00%(upstream:track)%00%(upstream:remotename)%00%(upstream:remoteref) refs/heads/master refs/remotes/master [42ms]
2026-03-16 20:52:30.604 [info] > git status -z -uall [74ms]
2026-03-16 20:52:30.641 [info] > git for-each-ref --sort -committerdate --format %(refname)%00%(objectname)%00%(*objectname) [38ms]
2026-03-16 20:52:31.429 [info] > git check-ignore -v -z --stdin [23ms]
2026-03-16 20:54:50.334 [info] > git config --get commit.template [18ms]
2026-03-16 20:54:50.401 [info] > git for-each-ref --format=%(refname)%00%(upstream:short)%00%(objectname)%00%(upstream:track)%00%(upstream:remotename)%00%(upstream:remoteref) refs/heads/master refs/remotes/master [51ms]
2026-03-16 20:54:50.500 [info] > git status -z -uall [63ms]
2026-03-16 20:54:50.512 [info] > git for-each-ref --sort -committerdate --format %(refname)%00%(objectname)%00%(*objectname) [28ms]
2026-03-16 20:56:17.388 [info] > git config --get commit.template [66ms]
2026-03-16 20:56:17.467 [info] > git for-each-ref --format=%(refname)%00%(upstream:short)%00%(objectname)%00%(upstream:track)%00%(upstream:remotename)%00%(upstream:remoteref) refs/heads/master refs/remotes/master [81ms]
2026-03-16 20:56:17.598 [info] > git status -z -uall [35ms]
2026-03-16 20:56:17.612 [info] > git for-each-ref --sort -committerdate --format %(refname)%00%(objectname)%00%(*objectname) [16ms]
2026-03-16 20:56:18.075 [info] > git check-ignore -v -z --stdin [3ms]
2026-03-16 20:56:18.163 [info] > git show --textconv :style.css [29ms]
2026-03-16 20:56:18.178 [info] > git ls-files --stage -- style.css [16ms]
2026-03-16 20:56:18.211 [info] > git cat-file -s d630c128efbfb757797d108c57541bad6df9abe4 [12ms]
2026-03-16 20:56:19.162 [info] > git check-ignore -v -z --stdin [8ms]
2026-03-16 20:56:23.128 [info] > git check-ignore -v -z --stdin [22ms]
2026-03-16 20:56:24.089 [info] > git check-ignore -v -z --stdin [10ms]
2026-03-16 20:56:26.254 [info] > git check-ignore -v -z --stdin [8ms]
2026-03-16 20:56:29.767 [info] > git config --get commit.template [110ms]
2026-03-16 20:56:29.795 [info] > git for-each-ref --format=%(refname)%00%(upstream:short)%00%(objectname)%00%(upstream:track)%00%(upstream:remotename)%00%(upstream:remoteref) refs/heads/master refs/remotes/master [30ms]
2026-03-16 20:56:29.830 [info] > git status -z -uall [15ms]
2026-03-16 20:56:29.836 [info] > git for-each-ref --sort -committerdate --format %(refname)%00%(objectname)%00%(*objectname) [11ms]
2026-03-16 20:56:30.202 [info] > git check-ignore -v -z --stdin [30ms]
2026-03-16 21:02:57.054 [info] > git config --get commit.template [8ms]
2026-03-16 21:02:57.077 [info] > git for-each-ref --format=%(refname)%00%(upstream:short)%00%(objectname)%00%(upstream:track)%00%(upstream:remotename)%00%(upstream:remoteref) refs/heads/master refs/remotes/master [1ms]
2026-03-16 21:02:57.150 [info] > git status -z -uall [27ms]
2026-03-16 21:02:57.150 [info] > git for-each-ref --sort -committerdate --format %(refname)%00%(objectname)%00%(*objectname) [1ms]
2026-03-16 21:03:13.492 [info] > git check-ignore -v -z --stdin [29ms]
2026-03-16 21:03:13.604 [info] > git show --textconv :style.css [26ms]
2026-03-16 21:03:13.615 [info] > git ls-files --stage -- style.css [10ms]
2026-03-16 21:03:13.647 [info] > git cat-file -s d630c128efbfb757797d108c57541bad6df9abe4 [3ms]
2026-03-16 21:03:17.001 [info] > git check-ignore -v -z --stdin [2ms]
2026-03-16 21:03:17.583 [info] > git check-ignore -v -z --stdin [6ms]
2026-03-16 21:03:19.541 [info] > git check-ignore -v -z --stdin [7ms]
2026-03-16 21:03:22.279 [info] > git config --get commit.template [39ms]
2026-03-16 21:03:22.285 [info] > git for-each-ref --format=%(refname)%00%(upstream:short)%00%(objectname)%00%(upstream:track)%00%(upstream:remotename)%00%(upstream:remoteref) refs/heads/master refs/remotes/master [6ms]
2026-03-16 21:03:22.330 [info] > git status -z -uall [21ms]
2026-03-16 21:03:22.348 [info] > git for-each-ref --sort -committerdate --format %(refname)%00%(objectname)%00%(*objectname) [24ms]
2026-03-16 21:03:22.686 [info] > git check-ignore -v -z --stdin [11ms]
2026-03-16 21:15:05.759 [info] > git config --get commit.template [1ms]
2026-03-16 21:15:05.785 [info] > git for-each-ref --format=%(refname)%00%(upstream:short)%00%(objectname)%00%(upstream:track)%00%(upstream:remotename)%00%(upstream:remoteref) refs/heads/master refs/remotes/master [5ms]
2026-03-16 21:15:05.891 [info] > git status -z -uall [45ms]
2026-03-16 21:15:05.932 [info] > git for-each-ref --sort -committerdate --format %(refname)%00%(objectname)%00%(*objectname) [44ms]
2026-03-16 21:16:10.521 [info] > git check-ignore -v -z --stdin [6ms]
2026-03-16 21:16:10.624 [info] > git show --textconv :style.css [28ms]
2026-03-16 21:16:10.624 [info] > git ls-files --stage -- style.css [1ms]
2026-03-16 21:16:10.636 [info] > git cat-file -s d630c128efbfb757797d108c57541bad6df9abe4 [3ms]
2026-03-16 21:16:14.246 [info] > git check-ignore -v -z --stdin [6ms]
2026-03-16 21:16:15.023 [info] > git check-ignore -v -z --stdin [15ms]
2026-03-16 21:16:19.613 [info] > git check-ignore -v -z --stdin [5ms]
2026-03-16 21:16:22.813 [info] > git config --get commit.template [1ms]
2026-03-16 21:16:22.848 [info] > git for-each-ref --format=%(refname)%00%(upstream:short)%00%(objectname)%00%(upstream:track)%00%(upstream:remotename)%00%(upstream:remoteref) refs/heads/master refs/remotes/master [20ms]
2026-03-16 21:16:22.892 [info] > git status -z -uall [20ms]
2026-03-16 21:16:22.901 [info] > git for-each-ref --sort -committerdate --format %(refname)%00%(objectname)%00%(*objectname) [10ms]
2026-03-16 21:16:23.242 [info] > git check-ignore -v -z --stdin [7ms]
2026-03-16 21:18:51.995 [info] > git config --get commit.template [6ms]
2026-03-16 21:18:52.037 [info] > git for-each-ref --format=%(refname)%00%(upstream:short)%00%(objectname)%00%(upstream:track)%00%(upstream:remotename)%00%(upstream:remoteref) refs/heads/master refs/remotes/master [10ms]
2026-03-16 21:18:52.138 [info] > git status -z -uall [87ms]
2026-03-16 21:18:52.138 [info] > git for-each-ref --sort -committerdate --format %(refname)%00%(objectname)%00%(*objectname) [16ms]
2026-03-16 21:19:18.688 [info] > git config --get commit.template [3ms]
2026-03-16 21:19:18.735 [info] > git for-each-ref --format=%(refname)%00%(upstream:short)%00%(objectname)%00%(upstream:track)%00%(upstream:remotename)%00%(upstream:remoteref) refs/heads/master refs/remotes/master [7ms]
2026-03-16 21:19:18.781 [info] > git status -z -uall [24ms]
2026-03-16 21:19:18.781 [info] > git for-each-ref --sort -committerdate --format %(refname)%00%(objectname)%00%(*objectname) [3ms]
2026-03-16 21:19:32.281 [info] > git check-ignore -v -z --stdin [12ms]
2026-03-16 21:19:32.414 [info] > git ls-files --stage -- style.css [0ms]
2026-03-16 21:19:32.436 [info] > git show --textconv :style.css [70ms]
2026-03-16 21:19:32.471 [info] > git cat-file -s d630c128efbfb757797d108c57541bad6df9abe4 [36ms]
2026-03-16 21:19:35.773 [info] > git check-ignore -v -z --stdin [7ms]
2026-03-16 21:19:36.179 [info] > git check-ignore -v -z --stdin [18ms]
2026-03-16 21:19:37.604 [info] > git check-ignore -v -z --stdin [1ms]
2026-03-16 21:19:40.243 [info] > git config --get commit.template [9ms]
2026-03-16 21:19:40.245 [info] > git for-each-ref --format=%(refname)%00%(upstream:short)%00%(objectname)%00%(upstream:track)%00%(upstream:remotename)%00%(upstream:remoteref) refs/heads/master refs/remotes/master [3ms]
2026-03-16 21:19:40.260 [info] > git for-each-ref --sort -committerdate --format %(refname)%00%(objectname)%00%(*objectname) [2ms]
2026-03-16 21:19:40.263 [info] > git status -z -uall [12ms]
2026-03-16 21:19:40.618 [info] > git check-ignore -v -z --stdin [14ms]
2026-03-16 21:22:04.249 [info] > git check-ignore -v -z --stdin [5ms]
2026-03-16 21:22:06.250 [info] > git check-ignore -v -z --stdin [13ms]
2026-03-16 21:22:07.151 [info] > git check-ignore -v -z --stdin [4ms]
2026-03-16 21:22:09.932 [info] > git for-each-ref --format=%(refname)%00%(upstream:short)%00%(objectname)%00%(upstream:track)%00%(upstream:remotename)%00%(upstream:remoteref) refs/heads/master refs/remotes/master [1ms]
2026-03-16 21:22:09.932 [info] > git config --get commit.template [43ms]
2026-03-16 21:22:09.959 [info] > git status -z -uall [14ms]
2026-03-16 21:22:09.964 [info] > git for-each-ref --sort -committerdate --format %(refname)%00%(objectname)%00%(*objectname) [6ms]
2026-03-16 21:22:10.304 [info] > git check-ignore -v -z --stdin [3ms]
2026-03-16 21:24:02.837 [info] > git check-ignore -v -z --stdin [4ms]
2026-03-16 21:24:05.431 [info] > git check-ignore -v -z --stdin [3ms]
2026-03-16 21:24:08.950 [info] > git config --get commit.template [12ms]
2026-03-16 21:24:08.954 [info] > git for-each-ref --format=%(refname)%00%(upstream:short)%00%(objectname)%00%(upstream:track)%00%(upstream:remotename)%00%(upstream:remoteref) refs/heads/master refs/remotes/master [6ms]
2026-03-16 21:24:08.978 [info] > git status -z -uall [17ms]
2026-03-16 21:24:08.978 [info] > git for-each-ref --sort -committerdate --format %(refname)%00%(objectname)%00%(*objectname) [6ms]
2026-03-16 21:24:09.324 [info] > git check-ignore -v -z --stdin [12ms]
2026-03-16 21:28:41.128 [info] > git check-ignore -v -z --stdin [12ms]
2026-03-16 21:28:41.781 [info] > git check-ignore -v -z --stdin [4ms]
2026-03-16 21:28:43.195 [info] > git check-ignore -v -z --stdin [1ms]
2026-03-16 21:28:45.515 [info] > git for-each-ref --format=%(refname)%00%(upstream:short)%00%(objectname)%00%(upstream:track)%00%(upstream:remotename)%00%(upstream:remoteref) refs/heads/master refs/remotes/master [1ms]
2026-03-16 21:28:45.522 [info] > git config --get commit.template [61ms]
2026-03-16 21:28:45.583 [info] > git for-each-ref --sort -committerdate --format %(refname)%00%(objectname)%00%(*objectname) [3ms]
2026-03-16 21:28:45.614 [info] > git status -z -uall [72ms]
2026-03-16 21:28:45.953 [info] > git check-ignore -v -z --stdin [3ms]
2026-03-16 21:29:06.000 [info] > git check-ignore -v -z --stdin [46ms]
2026-03-16 21:29:06.297 [info] > git show --textconv :script.js [21ms]
2026-03-16 21:29:06.307 [info] > git ls-files --stage -- script.js [11ms]
2026-03-16 21:29:06.320 [info] > git cat-file -s 75735fb4cf3a9f91de0bc7d4214e7cd0a3f4f5e5 [2ms]
2026-03-16 21:29:36.579 [info] > git check-ignore -v -z --stdin [1ms]
2026-03-16 21:29:38.829 [info] > git check-ignore -v -z --stdin [2ms]
2026-03-16 21:29:40.808 [info] > git check-ignore -v -z --stdin [9ms]
2026-03-16 21:29:51.941 [info] > git for-each-ref --format=%(refname)%00%(upstream:short)%00%(objectname)%00%(upstream:track)%00%(upstream:remotename)%00%(upstream:remoteref) refs/heads/master refs/remotes/master [1ms]
2026-03-16 21:29:51.941 [info] > git config --get commit.template [50ms]
2026-03-16 21:29:52.049 [info] > git status -z -uall [75ms]
2026-03-16 21:29:52.065 [info] > git for-each-ref --sort -committerdate --format %(refname)%00%(objectname)%00%(*objectname) [46ms]
2026-03-16 21:29:52.479 [info] > git check-ignore -v -z --stdin [3ms]
2026-03-16 21:30:26.612 [info] > git check-ignore -v -z --stdin [4ms]
2026-03-16 21:30:27.196 [info] > git check-ignore -v -z --stdin [10ms]
2026-03-16 21:30:28.315 [info] > git check-ignore -v -z --stdin [39ms]
2026-03-16 21:30:31.468 [info] > git config --get commit.template [1ms]
2026-03-16 21:30:31.516 [info] > git for-each-ref --format=%(refname)%00%(upstream:short)%00%(objectname)%00%(upstream:track)%00%(upstream:remotename)%00%(upstream:remoteref) refs/heads/master refs/remotes/master [6ms]
2026-03-16 21:30:31.624 [info] > git status -z -uall [45ms]
2026-03-16 21:30:31.624 [info] > git for-each-ref --sort -committerdate --format %(refname)%00%(objectname)%00%(*objectname) [21ms]
2026-03-16 21:30:32.023 [info] > git check-ignore -v -z --stdin [14ms]
2026-03-17 09:57:03.361 [info] > git check-ignore -v -z --stdin [3ms]
2026-03-17 09:57:05.034 [info] > git check-ignore -v -z --stdin [10ms]
2026-03-17 09:57:08.986 [info] > git config --get commit.template [12ms]
2026-03-17 09:57:08.990 [info] > git for-each-ref --format=%(refname)%00%(upstream:short)%00%(objectname)%00%(upstream:track)%00%(upstream:remotename)%00%(upstream:remoteref) refs/heads/master refs/remotes/master [5ms]
2026-03-17 09:57:09.007 [info] > git status -z -uall [8ms]
2026-03-17 09:57:09.010 [info] > git for-each-ref --sort -committerdate --format %(refname)%00%(objectname)%00%(*objectname) [5ms]
2026-03-17 09:57:09.437 [info] > git check-ignore -v -z --stdin [12ms]
2026-03-17 09:57:35.095 [info] > git check-ignore -v -z --stdin [6ms]
2026-03-17 09:57:36.116 [info] > git check-ignore -v -z --stdin [17ms]
2026-03-17 09:57:37.442 [info] > git check-ignore -v -z --stdin [4ms]
2026-03-17 09:57:41.549 [info] > git config --get commit.template [20ms]
2026-03-17 09:57:41.553 [info] > git for-each-ref --format=%(refname)%00%(upstream:short)%00%(objectname)%00%(upstream:track)%00%(upstream:remotename)%00%(upstream:remoteref) refs/heads/master refs/remotes/master [7ms]
2026-03-17 09:57:41.590 [info] > git status -z -uall [23ms]
2026-03-17 09:57:41.591 [info] > git for-each-ref --sort -committerdate --format %(refname)%00%(objectname)%00%(*objectname) [2ms]
2026-03-17 09:57:41.962 [info] > git check-ignore -v -z --stdin [6ms]
2026-03-17 10:00:10.984 [info] > git check-ignore -v -z --stdin [2ms]
2026-03-17 10:00:12.452 [info] > git check-ignore -v -z --stdin [6ms]
2026-03-17 10:00:15.754 [info] > git config --get commit.template [17ms]
2026-03-17 10:00:15.756 [info] > git for-each-ref --format=%(refname)%00%(upstream:short)%00%(objectname)%00%(upstream:track)%00%(upstream:remotename)%00%(upstream:remoteref) refs/heads/master refs/remotes/master [3ms]
2026-03-17 10:00:15.786 [info] > git status -z -uall [18ms]
2026-03-17 10:00:15.790 [info] > git for-each-ref --sort -committerdate --format %(refname)%00%(objectname)%00%(*objectname) [5ms]
2026-03-17 10:00:16.135 [info] > git check-ignore -v -z --stdin [14ms]
2026-03-17 10:00:38.640 [info] > git check-ignore -v -z --stdin [14ms]
2026-03-17 10:00:38.895 [info] > git show --textconv :index.html [4ms]
2026-03-17 10:00:38.913 [info] > git ls-files --stage -- index.html [6ms]
2026-03-17 10:00:38.948 [info] > git cat-file -s 01943434678cca2e9f5e21a1c5f940c4f4c4a328 [1ms]
2026-03-17 10:00:49.949 [info] > git check-ignore -v -z --stdin [12ms]
2026-03-17 10:00:51.416 [info] > git check-ignore -v -z --stdin [11ms]
2026-03-17 10:00:54.116 [info] > git check-ignore -v -z --stdin [2ms]
2026-03-17 10:00:56.110 [info] > git check-ignore -v -z --stdin [6ms]
2026-03-17 10:00:58.922 [info] > git config --get commit.template [3ms]
2026-03-17 10:00:58.944 [info] > git for-each-ref --format=%(refname)%00%(upstream:short)%00%(objectname)%00%(upstream:track)%00%(upstream:remotename)%00%(upstream:remoteref) refs/heads/master refs/remotes/master [3ms]
2026-03-17 10:00:58.968 [info] > git status -z -uall [12ms]
2026-03-17 10:00:58.971 [info] > git for-each-ref --sort -committerdate --format %(refname)%00%(objectname)%00%(*objectname) [5ms]
2026-03-17 10:00:59.327 [info] > git check-ignore -v -z --stdin [7ms]
2026-03-17 10:01:00.824 [info] > git check-ignore -v -z --stdin [2ms]
2026-03-17 10:01:00.876 [info] > git show --textconv :script.js [11ms]
2026-03-17 10:01:00.878 [info] > git ls-files --stage -- script.js [3ms]
2026-03-17 10:01:00.887 [info] > git cat-file -s 75735fb4cf3a9f91de0bc7d4214e7cd0a3f4f5e5 [0ms]
2026-03-17 10:02:00.305 [info] > git check-ignore -v -z --stdin [5ms]
2026-03-17 10:03:33.681 [info] > git check-ignore -v -z --stdin [13ms]
2026-03-17 10:03:35.139 [info] > git check-ignore -v -z --stdin [3ms]
2026-03-17 10:03:35.506 [info] > git check-ignore -v -z --stdin [3ms]
2026-03-17 10:03:37.810 [info] > git config --get commit.template [2ms]
2026-03-17 10:03:37.836 [info] > git for-each-ref --format=%(refname)%00%(upstream:short)%00%(objectname)%00%(upstream:track)%00%(upstream:remotename)%00%(upstream:remoteref) refs/heads/master refs/remotes/master [2ms]
2026-03-17 10:03:37.883 [info] > git status -z -uall [24ms]
2026-03-17 10:03:37.883 [info] > git for-each-ref --sort -committerdate --format %(refname)%00%(objectname)%00%(*objectname) [4ms]
2026-03-17 10:03:38.215 [info] > git check-ignore -v -z --stdin [9ms]
2026-03-17 10:04:13.386 [info] > git check-ignore -v -z --stdin [2ms]
2026-03-17 10:04:13.442 [info] > git show --textconv :style.css [21ms]
2026-03-17 10:04:13.452 [info] > git ls-files --stage -- style.css [11ms]
2026-03-17 10:04:13.474 [info] > git cat-file -s d630c128efbfb757797d108c57541bad6df9abe4 [7ms]
2026-03-17 10:04:16.099 [info] > git check-ignore -v -z --stdin [3ms]
2026-03-17 10:04:16.718 [info] > git check-ignore -v -z --stdin [8ms]
2026-03-17 10:04:19.965 [info] > git config --get commit.template [4ms]
2026-03-17 10:04:19.984 [info] > git for-each-ref --format=%(refname)%00%(upstream:short)%00%(objectname)%00%(upstream:track)%00%(upstream:remotename)%00%(upstream:remoteref) refs/heads/master refs/remotes/master [4ms]
2026-03-17 10:04:20.038 [info] > git status -z -uall [39ms]
2026-03-17 10:04:20.044 [info] > git for-each-ref --sort -committerdate --format %(refname)%00%(objectname)%00%(*objectname) [7ms]
2026-03-17 10:04:20.370 [info] > git check-ignore -v -z --stdin [2ms]
2026-03-17 10:07:51.448 [info] > git check-ignore -v -z --stdin [7ms]
2026-03-17 10:07:51.827 [info] > git show --textconv :index.html [8ms]
2026-03-17 10:07:51.870 [info] > git ls-files --stage -- index.html [19ms]
2026-03-17 10:07:51.886 [info] > git cat-file -s 01943434678cca2e9f5e21a1c5f940c4f4c4a328 [8ms]
2026-03-17 10:08:23.720 [info] > git check-ignore -v -z --stdin [3ms]
2026-03-17 10:08:23.766 [info] > git show --textconv :README.md [19ms]
2026-03-17 10:08:23.766 [info] > git ls-files --stage -- README.md [2ms]
2026-03-17 10:08:23.814 [info] > git cat-file -s 724b6273bf12bb17f976e64ea57766aaece889f6 [28ms]
2026-03-17 10:08:27.257 [info] > git check-ignore -v -z --stdin [35ms]
2026-03-17 10:08:27.377 [info] > git show --textconv :anime-data.js [1ms]
2026-03-17 10:08:27.495 [info] > git ls-files --stage -- anime-data.js [72ms]
2026-03-17 10:08:27.575 [info] > git cat-file -s c733370fb126ab950e2acad29bf26946647462a0 [33ms]
2026-03-17 10:08:31.230 [info] > git check-ignore -v -z --stdin [2ms]
2026-03-17 10:08:31.259 [info] > git show --textconv :artisan.html [14ms]
2026-03-17 10:08:31.262 [info] > git ls-files --stage -- artisan.html [4ms]
2026-03-17 10:08:31.272 [info] > git cat-file -s 4a4360db9b50c225770a92af7e88a8f6aca0a514 [4ms]
2026-03-17 10:09:36.938 [info] > git blame --root --incremental e6776b57561c2d772f1d1c7008c486474bf10f7a -- artisan.html [28ms]
2026-03-17 10:09:39.354 [info] > git check-ignore -v -z --stdin [19ms]
2026-03-17 10:09:39.534 [info] > git show --textconv :index.html [0ms]
2026-03-17 10:09:39.570 [info] > git ls-files --stage -- index.html [18ms]
2026-03-17 10:09:39.596 [info] > git cat-file -s 01943434678cca2e9f5e21a1c5f940c4f4c4a328 [20ms]
2026-03-17 10:09:46.037 [info] > git check-ignore -v -z --stdin [16ms]
2026-03-17 10:09:47.626 [info] > git check-ignore -v -z --stdin [67ms]
2026-03-17 10:09:49.930 [info] > git config --get commit.template [3ms]
2026-03-17 10:09:49.963 [info] > git for-each-ref --format=%(refname)%00%(upstream:short)%00%(objectname)%00%(upstream:track)%00%(upstream:remotename)%00%(upstream:remoteref) refs/heads/master refs/remotes/master [1ms]
2026-03-17 10:09:50.006 [info] > git status -z -uall [24ms]
2026-03-17 10:09:50.030 [info] > git for-each-ref --sort -committerdate --format %(refname)%00%(objectname)%00%(*objectname) [25ms]
2026-03-17 10:09:50.415 [info] > git check-ignore -v -z --stdin [10ms]
2026-03-17 10:11:05.702 [info] > git check-ignore -v -z --stdin [19ms]
2026-03-17 10:11:05.780 [info] > git show --textconv :style.css [7ms]
2026-03-17 10:11:05.791 [info] > git ls-files --stage -- style.css [4ms]
2026-03-17 10:11:05.800 [info] > git cat-file -s d630c128efbfb757797d108c57541bad6df9abe4 [4ms]
2026-03-17 10:11:08.194 [info] > git check-ignore -v -z --stdin [4ms]
2026-03-17 10:11:09.193 [info] > git check-ignore -v -z --stdin [4ms]
2026-03-17 10:11:11.941 [info] > git config --get commit.template [35ms]
2026-03-17 10:11:11.949 [info] > git for-each-ref --format=%(refname)%00%(upstream:short)%00%(objectname)%00%(upstream:track)%00%(upstream:remotename)%00%(upstream:remoteref) refs/heads/master refs/remotes/master [10ms]
2026-03-17 10:11:12.001 [info] > git status -z -uall [31ms]
2026-03-17 10:11:12.007 [info] > git for-each-ref --sort -committerdate --format %(refname)%00%(objectname)%00%(*objectname) [7ms]
2026-03-17 10:11:12.330 [info] > git check-ignore -v -z --stdin [3ms]
2026-03-17 10:14:56.243 [info] > git check-ignore -v -z --stdin [10ms]
2026-03-17 10:14:56.300 [info] > git show --textconv :index.html [30ms]
2026-03-17 10:14:56.303 [info] > git ls-files --stage -- index.html [12ms]
2026-03-17 10:14:56.326 [info] > git cat-file -s 01943434678cca2e9f5e21a1c5f940c4f4c4a328 [9ms]
2026-03-17 10:15:04.655 [info] > git check-ignore -v -z --stdin [6ms]
2026-03-17 10:15:05.094 [info] > git check-ignore -v -z --stdin [3ms]
2026-03-17 10:15:06.093 [info] > git check-ignore -v -z --stdin [3ms]
2026-03-17 10:15:06.567 [info] > git check-ignore -v -z --stdin [10ms]
2026-03-17 10:15:10.687 [info] > git check-ignore -v -z --stdin [2ms]
2026-03-17 10:15:14.630 [info] > git check-ignore -v -z --stdin [9ms]
2026-03-17 10:15:17.202 [info] > git config --get commit.template [5ms]
2026-03-17 10:15:17.284 [info] > git for-each-ref --format=%(refname)%00%(upstream:short)%00%(objectname)%00%(upstream:track)%00%(upstream:remotename)%00%(upstream:remoteref) refs/heads/master refs/remotes/master [17ms]
2026-03-17 10:15:17.369 [info] > git status -z -uall [31ms]
2026-03-17 10:15:17.406 [info] > git for-each-ref --sort -committerdate --format %(refname)%00%(objectname)%00%(*objectname) [24ms]
2026-03-17 10:15:17.791 [info] > git check-ignore -v -z --stdin [3ms]
