2026-03-14 16:13:37.515 [info] Reading sessions from keychain...
2026-03-14 16:13:37.515 [info] Getting sessions for all scopes...
2026-03-14 16:13:37.515 [info] Got 0 sessions for ...
2026-03-14 16:13:37.515 [info] Getting sessions for all scopes...
2026-03-14 16:13:37.515 [info] Got 0 sessions for ...
2026-03-14 16:13:37.515 [info] Getting sessions for all scopes...
2026-03-14 16:13:37.515 [info] Got 0 sessions for ...
2026-03-14 16:13:37.515 [info] Getting sessions for all scopes...
2026-03-14 16:13:37.515 [info] Got 0 sessions for ...
2026-03-14 16:13:37.565 [info] Getting sessions for all scopes...
2026-03-14 16:13:37.565 [info] Got 0 sessions for ...
2026-03-14 16:13:42.007 [info] Getting sessions for all scopes...
2026-03-14 16:13:42.007 [info] Got 0 sessions for ...
2026-03-14 16:16:57.131 [info] Reading sessions from keychain...
2026-03-14 16:16:57.131 [info] Getting sessions for all scopes...
2026-03-14 16:16:57.131 [info] Got 0 sessions for ...
2026-03-14 16:16:57.131 [info] Getting sessions for all scopes...
2026-03-14 16:16:57.131 [info] Got 0 sessions for ...
2026-03-14 16:16:57.131 [info] Getting sessions for all scopes...
2026-03-14 16:16:57.131 [info] Got 0 sessions for ...
2026-03-14 16:16:57.154 [info] Getting sessions for all scopes...
2026-03-14 16:16:57.154 [info] Got 0 sessions for ...
2026-03-14 16:16:57.171 [info] Getting sessions for all scopes...
2026-03-14 16:16:57.171 [info] Got 0 sessions for ...
2026-03-14 16:16:59.811 [info] Getting sessions for all scopes...
2026-03-14 16:16:59.811 [info] Got 0 sessions for ...
2026-03-14 16:25:27.617 [info] Logging in with google,  'any' account...
2026-03-14 16:25:27.617 [info] Logging in for the following scopes: read:user repo user:email workflow
2026-03-14 16:25:27.792 [info] Trying with local server... (read:user repo user:email workflow)
2026-03-14 16:30:27.942 [error] Timed out
