2026-03-16 09:49:43.475 [info] Reading sessions from keychain...
2026-03-16 09:49:43.475 [info] Getting sessions for all scopes...
2026-03-16 09:49:43.831 [info] Got 0 sessions for ...
2026-03-16 09:49:43.831 [info] Getting sessions for all scopes...
2026-03-16 09:49:43.831 [info] Got 0 sessions for ...
2026-03-16 09:49:43.831 [info] Getting sessions for all scopes...
2026-03-16 09:49:43.831 [info] Got 0 sessions for ...
2026-03-16 09:49:43.831 [info] Getting sessions for all scopes...
2026-03-16 09:49:43.831 [info] Got 0 sessions for ...
2026-03-16 09:49:43.873 [info] Getting sessions for all scopes...
2026-03-16 09:49:43.873 [info] Got 0 sessions for ...
2026-03-16 09:49:46.904 [info] Getting sessions for all scopes...
2026-03-16 09:49:46.904 [info] Got 0 sessions for ...
2026-03-16 10:02:58.131 [info] Getting sessions for read:user,repo,user:email,workflow...
2026-03-16 10:02:58.131 [info] Got 0 sessions for read:user,repo,user:email,workflow...
2026-03-16 10:03:27.243 [info] Reading sessions from keychain...
2026-03-16 10:03:27.243 [info] Getting sessions for all scopes...
2026-03-16 10:03:27.243 [info] Got 0 sessions for ...
2026-03-16 10:03:27.243 [info] Getting sessions for all scopes...
2026-03-16 10:03:27.243 [info] Got 0 sessions for ...
2026-03-16 10:03:27.243 [info] Getting sessions for all scopes...
2026-03-16 10:03:27.243 [info] Got 0 sessions for ...
2026-03-16 10:03:27.243 [info] Getting sessions for all scopes...
2026-03-16 10:03:27.243 [info] Got 0 sessions for ...
2026-03-16 10:03:27.400 [info] Getting sessions for all scopes...
2026-03-16 10:03:27.400 [info] Got 0 sessions for ...
2026-03-16 10:03:30.027 [info] Getting sessions for read:user,repo,user:email,workflow...
2026-03-16 10:03:30.027 [info] Got 0 sessions for read:user,repo,user:email,workflow...
2026-03-16 10:03:31.639 [info] Getting sessions for all scopes...
2026-03-16 10:03:31.639 [info] Got 0 sessions for ...
2026-03-16 15:43:03.075 [info] Getting sessions for read:user,repo,user:email,workflow...
2026-03-16 15:43:03.075 [info] Got 0 sessions for read:user,repo,user:email,workflow...
