2026-03-16 09:50:07.212 [error] #1: https://main.vscode-cdn.net/extensions/marketplace.json - error GET net::ERR_NAME_NOT_RESOLVED
2026-03-16 09:50:07.394 [error] #2: https://mobile.events.data.microsoft.com/OneCollector/1.0?cors=true&content-type=application/x-json-stream - error POST net::ERR_NAME_NOT_RESOLVED
2026-03-16 09:50:34.463 [error] #4: https://mobile.events.data.microsoft.com/OneCollector/1.0?cors=true&content-type=application/x-json-stream - error POST net::ERR_NAME_NOT_RESOLVED
2026-03-16 09:50:34.465 [error] #3: https://mobile.events.data.microsoft.com/OneCollector/1.0?cors=true&content-type=application/x-json-stream - error POST net::ERR_NAME_NOT_RESOLVED
2026-03-16 09:51:00.897 [error] #6: https://mobile.events.data.microsoft.com/OneCollector/1.0?cors=true&content-type=application/x-json-stream - error POST net::ERR_NAME_NOT_RESOLVED
2026-03-16 09:51:00.899 [error] #5: https://mobile.events.data.microsoft.com/OneCollector/1.0?cors=true&content-type=application/x-json-stream - error POST net::ERR_NAME_NOT_RESOLVED
2026-03-16 09:51:27.076 [error] #8: https://mobile.events.data.microsoft.com/OneCollector/1.0?cors=true&content-type=application/x-json-stream - error POST net::ERR_NAME_NOT_RESOLVED
2026-03-16 09:51:27.078 [error] #7: https://mobile.events.data.microsoft.com/OneCollector/1.0?cors=true&content-type=application/x-json-stream - error POST net::ERR_NAME_NOT_RESOLVED
2026-03-16 09:51:55.164 [error] #9: https://mobile.events.data.microsoft.com/OneCollector/1.0?cors=true&content-type=application/x-json-stream - error POST net::ERR_NAME_NOT_RESOLVED
2026-03-16 09:51:55.166 [error] #10: https://mobile.events.data.microsoft.com/OneCollector/1.0?cors=true&content-type=application/x-json-stream - error POST net::ERR_NAME_NOT_RESOLVED
2026-03-16 09:52:22.691 [error] #11: https://mobile.events.data.microsoft.com/OneCollector/1.0?cors=true&content-type=application/x-json-stream - error POST net::ERR_NAME_NOT_RESOLVED
2026-03-16 09:59:46.524 [error] #12: https://main.vscode-cdn.net/extensions/marketplace.json - error GET net::ERR_NAME_NOT_RESOLVED
2026-03-16 10:03:44.200 [error] #13: https://mobile.events.data.microsoft.com/OneCollector/1.0?cors=true&content-type=application/x-json-stream - error POST net::ERR_NAME_NOT_RESOLVED
2026-03-16 10:04:12.891 [error] #14: https://mobile.events.data.microsoft.com/OneCollector/1.0?cors=true&content-type=application/x-json-stream - error POST net::ERR_NAME_NOT_RESOLVED
2026-03-16 10:04:12.892 [error] #15: https://mobile.events.data.microsoft.com/OneCollector/1.0?cors=true&content-type=application/x-json-stream - error POST net::ERR_NAME_NOT_RESOLVED
2026-03-16 14:47:10.179 [error] #16: https://mobile.events.data.microsoft.com/OneCollector/1.0?cors=true&content-type=application/x-json-stream - error POST net::ERR_NETWORK_CHANGED
2026-03-16 19:53:24.721 [error] #70: https://main.vscode-cdn.net/extensions/marketplace.json - error GET net::ERR_NETWORK_CHANGED
2026-03-17 09:52:52.090 [error] #172: https://mobile.events.data.microsoft.com/OneCollector/1.0?cors=true&content-type=application/x-json-stream - error POST net::ERR_NAME_NOT_RESOLVED
2026-03-17 09:52:52.092 [error] #173: https://mobile.events.data.microsoft.com/OneCollector/1.0?cors=true&content-type=application/x-json-stream - error POST net::ERR_NAME_NOT_RESOLVED
2026-03-17 09:52:54.627 [error] #171: https://main.vscode-cdn.net/extensions/marketplace.json - error GET net::ERR_NAME_NOT_RESOLVED
2026-03-17 09:53:16.196 [error] #174: https://mobile.events.data.microsoft.com/OneCollector/1.0?cors=true&content-type=application/x-json-stream - error POST net::ERR_NAME_NOT_RESOLVED
2026-03-17 09:53:16.196 [error] #175: https://mobile.events.data.microsoft.com/OneCollector/1.0?cors=true&content-type=application/x-json-stream - error POST net::ERR_NAME_NOT_RESOLVED
2026-03-17 09:53:38.420 [error] #176: https://mobile.events.data.microsoft.com/OneCollector/1.0?cors=true&content-type=application/x-json-stream - error POST net::ERR_NAME_NOT_RESOLVED
2026-03-17 09:53:38.420 [error] #177: https://mobile.events.data.microsoft.com/OneCollector/1.0?cors=true&content-type=application/x-json-stream - error POST net::ERR_NAME_NOT_RESOLVED
2026-03-17 09:53:57.968 [error] #178: https://mobile.events.data.microsoft.com/OneCollector/1.0?cors=true&content-type=application/x-json-stream - error POST net::ERR_CONNECTION_REFUSED
2026-03-17 09:53:57.974 [error] #179: https://mobile.events.data.microsoft.com/OneCollector/1.0?cors=true&content-type=application/x-json-stream - error POST net::ERR_CONNECTION_REFUSED
